2020-03-14T06:05:43+00:00 CRITICAL Maximum execution time of 120 seconds exceeded in C:\xampp\htdocs\wordpress\wordpress\wp-includes\Requests\Transport\cURL.php on line 441

2020-03-14T06:07:45+00:00 CRITICAL Maximum execution time of 120 seconds exceeded in C:\xampp\htdocs\wordpress\wordpress\wp-includes\Requests\Transport\cURL.php on line 441

2020-03-14T06:08:05+00:00 CRITICAL Uncaught Error: Cannot use string offset as an array in C:\xampp\htdocs\wordpress\wordpress\wp-content\plugins\whizz-plugins\importer\index.php:967
Stack trace:
#0 C:\xampp\htdocs\wordpress\wordpress\wp-content\plugins\whizz-plugins\importer\index.php(750): whizz_Setup->_content_install_widgets('/Widgets')
#1 C:\xampp\htdocs\wordpress\wordpress\wp-includes\class-wp-hook.php(288): whizz_Setup->ajax_content('')
#2 C:\xampp\htdocs\wordpress\wordpress\wp-includes\class-wp-hook.php(312): WP_Hook->apply_filters('', Array)
#3 C:\xampp\htdocs\wordpress\wordpress\wp-includes\plugin.php(478): WP_Hook->do_action(Array)
#4 C:\xampp\htdocs\wordpress\wordpress\wp-admin\admin-ajax.php(175): do_action('wp_ajax_envato_...')
#5 {main}
  thrown in C:\xampp\htdocs\wordpress\wordpress\wp-content\plugins\whizz-plugins\importer\index.php on line 967

2020-03-14T06:36:51+00:00 CRITICAL Uncaught Error: Cannot use string offset as an array in C:\xampp\htdocs\wordpress\wordpress\wp-content\plugins\whizz-plugins\importer\index.php:967
Stack trace:
#0 C:\xampp\htdocs\wordpress\wordpress\wp-content\plugins\whizz-plugins\importer\index.php(750): whizz_Setup->_content_install_widgets('/Widgets')
#1 C:\xampp\htdocs\wordpress\wordpress\wp-includes\class-wp-hook.php(288): whizz_Setup->ajax_content('')
#2 C:\xampp\htdocs\wordpress\wordpress\wp-includes\class-wp-hook.php(312): WP_Hook->apply_filters('', Array)
#3 C:\xampp\htdocs\wordpress\wordpress\wp-includes\plugin.php(478): WP_Hook->do_action(Array)
#4 C:\xampp\htdocs\wordpress\wordpress\wp-admin\admin-ajax.php(175): do_action('wp_ajax_envato_...')
#5 {main}
  thrown in C:\xampp\htdocs\wordpress\wordpress\wp-content\plugins\whizz-plugins\importer\index.php on line 967

2020-03-14T06:46:55+00:00 CRITICAL Uncaught Error: Cannot unset string offsets in C:\xampp\htdocs\wordpress\wordpress\wp-includes\class-wp-customize-widgets.php:1130
Stack trace:
#0 C:\xampp\htdocs\wordpress\wordpress\wp-includes\class-wp-hook.php(288): WP_Customize_Widgets->preview_sidebars_widgets('')
#1 C:\xampp\htdocs\wordpress\wordpress\wp-includes\plugin.php(206): WP_Hook->apply_filters('', Array)
#2 C:\xampp\htdocs\wordpress\wordpress\wp-includes\widgets.php(998): apply_filters('sidebars_widget...', '')
#3 C:\xampp\htdocs\wordpress\wordpress\wp-includes\class-wp-customize-widgets.php(378): wp_get_sidebars_widgets()
#4 C:\xampp\htdocs\wordpress\wordpress\wp-includes\class-wp-customize-widgets.php(355): WP_Customize_Widgets->customize_register()
#5 C:\xampp\htdocs\wordpress\wordpress\wp-includes\class-wp-hook.php(288): WP_Customize_Widgets->schedule_customize_register(Object(WP_Customize_Manager))
#6 C:\xampp\htdocs\wordpress\wordpress\wp-includes\class-wp-hook.php(312): WP_Hook->apply_filters('', Array)
#7 C:\xampp\htdocs\wordpress\wordp in C:\xampp\htdocs\wordpress\wordpress\wp-includes\class-wp-customize-widgets.php on line 1130

2020-03-14T06:47:44+00:00 CRITICAL Uncaught Error: Cannot unset string offsets in C:\xampp\htdocs\wordpress\wordpress\wp-includes\class-wp-customize-widgets.php:1130
Stack trace:
#0 C:\xampp\htdocs\wordpress\wordpress\wp-includes\class-wp-hook.php(288): WP_Customize_Widgets->preview_sidebars_widgets('')
#1 C:\xampp\htdocs\wordpress\wordpress\wp-includes\plugin.php(206): WP_Hook->apply_filters('', Array)
#2 C:\xampp\htdocs\wordpress\wordpress\wp-includes\widgets.php(998): apply_filters('sidebars_widget...', '')
#3 C:\xampp\htdocs\wordpress\wordpress\wp-includes\class-wp-customize-widgets.php(378): wp_get_sidebars_widgets()
#4 C:\xampp\htdocs\wordpress\wordpress\wp-includes\class-wp-customize-widgets.php(355): WP_Customize_Widgets->customize_register()
#5 C:\xampp\htdocs\wordpress\wordpress\wp-includes\class-wp-hook.php(288): WP_Customize_Widgets->schedule_customize_register(Object(WP_Customize_Manager))
#6 C:\xampp\htdocs\wordpress\wordpress\wp-includes\class-wp-hook.php(312): WP_Hook->apply_filters('', Array)
#7 C:\xampp\htdocs\wordpress\wordp in C:\xampp\htdocs\wordpress\wordpress\wp-includes\class-wp-customize-widgets.php on line 1130

2020-03-14T06:48:42+00:00 CRITICAL Uncaught Error: Cannot unset string offsets in C:\xampp\htdocs\wordpress\wordpress\wp-includes\class-wp-customize-widgets.php:1130
Stack trace:
#0 C:\xampp\htdocs\wordpress\wordpress\wp-includes\class-wp-hook.php(288): WP_Customize_Widgets->preview_sidebars_widgets('')
#1 C:\xampp\htdocs\wordpress\wordpress\wp-includes\plugin.php(206): WP_Hook->apply_filters('', Array)
#2 C:\xampp\htdocs\wordpress\wordpress\wp-includes\widgets.php(998): apply_filters('sidebars_widget...', '')
#3 C:\xampp\htdocs\wordpress\wordpress\wp-includes\class-wp-customize-widgets.php(378): wp_get_sidebars_widgets()
#4 C:\xampp\htdocs\wordpress\wordpress\wp-includes\class-wp-customize-widgets.php(355): WP_Customize_Widgets->customize_register()
#5 C:\xampp\htdocs\wordpress\wordpress\wp-includes\class-wp-hook.php(288): WP_Customize_Widgets->schedule_customize_register(Object(WP_Customize_Manager))
#6 C:\xampp\htdocs\wordpress\wordpress\wp-includes\class-wp-hook.php(312): WP_Hook->apply_filters('', Array)
#7 C:\xampp\htdocs\wordpress\wordp in C:\xampp\htdocs\wordpress\wordpress\wp-includes\class-wp-customize-widgets.php on line 1130

2020-03-14T06:51:40+00:00 CRITICAL Uncaught Error: Cannot unset string offsets in C:\xampp\htdocs\wordpress\wordpress\wp-includes\class-wp-customize-widgets.php:1130
Stack trace:
#0 C:\xampp\htdocs\wordpress\wordpress\wp-includes\class-wp-hook.php(288): WP_Customize_Widgets->preview_sidebars_widgets('')
#1 C:\xampp\htdocs\wordpress\wordpress\wp-includes\plugin.php(206): WP_Hook->apply_filters('', Array)
#2 C:\xampp\htdocs\wordpress\wordpress\wp-includes\widgets.php(998): apply_filters('sidebars_widget...', '')
#3 C:\xampp\htdocs\wordpress\wordpress\wp-includes\class-wp-customize-widgets.php(378): wp_get_sidebars_widgets()
#4 C:\xampp\htdocs\wordpress\wordpress\wp-includes\class-wp-customize-widgets.php(355): WP_Customize_Widgets->customize_register()
#5 C:\xampp\htdocs\wordpress\wordpress\wp-includes\class-wp-hook.php(288): WP_Customize_Widgets->schedule_customize_register(Object(WP_Customize_Manager))
#6 C:\xampp\htdocs\wordpress\wordpress\wp-includes\class-wp-hook.php(312): WP_Hook->apply_filters('', Array)
#7 C:\xampp\htdocs\wordpress\wordp in C:\xampp\htdocs\wordpress\wordpress\wp-includes\class-wp-customize-widgets.php on line 1130

2020-03-14T07:16:00+00:00 CRITICAL Uncaught Error: Cannot unset string offsets in C:\xampp\htdocs\wordpress\wordpress\wp-includes\class-wp-customize-widgets.php:1130
Stack trace:
#0 C:\xampp\htdocs\wordpress\wordpress\wp-includes\class-wp-hook.php(288): WP_Customize_Widgets->preview_sidebars_widgets('')
#1 C:\xampp\htdocs\wordpress\wordpress\wp-includes\plugin.php(206): WP_Hook->apply_filters('', Array)
#2 C:\xampp\htdocs\wordpress\wordpress\wp-includes\widgets.php(998): apply_filters('sidebars_widget...', '')
#3 C:\xampp\htdocs\wordpress\wordpress\wp-includes\class-wp-customize-widgets.php(378): wp_get_sidebars_widgets()
#4 C:\xampp\htdocs\wordpress\wordpress\wp-includes\class-wp-customize-widgets.php(355): WP_Customize_Widgets->customize_register()
#5 C:\xampp\htdocs\wordpress\wordpress\wp-includes\class-wp-hook.php(288): WP_Customize_Widgets->schedule_customize_register(Object(WP_Customize_Manager))
#6 C:\xampp\htdocs\wordpress\wordpress\wp-includes\class-wp-hook.php(312): WP_Hook->apply_filters('', Array)
#7 C:\xampp\htdocs\wordpress\wordp in C:\xampp\htdocs\wordpress\wordpress\wp-includes\class-wp-customize-widgets.php on line 1130

2020-03-14T07:16:06+00:00 CRITICAL Uncaught Error: Cannot unset string offsets in C:\xampp\htdocs\wordpress\wordpress\wp-includes\class-wp-customize-widgets.php:1130
Stack trace:
#0 C:\xampp\htdocs\wordpress\wordpress\wp-includes\class-wp-hook.php(288): WP_Customize_Widgets->preview_sidebars_widgets('')
#1 C:\xampp\htdocs\wordpress\wordpress\wp-includes\plugin.php(206): WP_Hook->apply_filters('', Array)
#2 C:\xampp\htdocs\wordpress\wordpress\wp-includes\widgets.php(998): apply_filters('sidebars_widget...', '')
#3 C:\xampp\htdocs\wordpress\wordpress\wp-includes\class-wp-customize-widgets.php(378): wp_get_sidebars_widgets()
#4 C:\xampp\htdocs\wordpress\wordpress\wp-includes\class-wp-customize-widgets.php(355): WP_Customize_Widgets->customize_register()
#5 C:\xampp\htdocs\wordpress\wordpress\wp-includes\class-wp-hook.php(288): WP_Customize_Widgets->schedule_customize_register(Object(WP_Customize_Manager))
#6 C:\xampp\htdocs\wordpress\wordpress\wp-includes\class-wp-hook.php(312): WP_Hook->apply_filters('', Array)
#7 C:\xampp\htdocs\wordpress\wordp in C:\xampp\htdocs\wordpress\wordpress\wp-includes\class-wp-customize-widgets.php on line 1130

2020-03-14T07:23:29+00:00 CRITICAL Uncaught Error: Cannot use string offset as an array in C:\xampp\htdocs\wordpress\wordpress\wp-content\plugins\whizz-plugins\importer\index.php:967
Stack trace:
#0 C:\xampp\htdocs\wordpress\wordpress\wp-content\plugins\whizz-plugins\importer\index.php(750): whizz_Setup->_content_install_widgets('/Widgets')
#1 C:\xampp\htdocs\wordpress\wordpress\wp-includes\class-wp-hook.php(288): whizz_Setup->ajax_content('')
#2 C:\xampp\htdocs\wordpress\wordpress\wp-includes\class-wp-hook.php(312): WP_Hook->apply_filters('', Array)
#3 C:\xampp\htdocs\wordpress\wordpress\wp-includes\plugin.php(478): WP_Hook->do_action(Array)
#4 C:\xampp\htdocs\wordpress\wordpress\wp-admin\admin-ajax.php(175): do_action('wp_ajax_envato_...')
#5 {main}
  thrown in C:\xampp\htdocs\wordpress\wordpress\wp-content\plugins\whizz-plugins\importer\index.php on line 967

